<?xml version="1.0" encoding="UTF-8"?>
<!-- Generated by org.testng.reporters.JUnitReportReporter -->
<testsuite hostname="LTIN485793" failures="0" tests="4" name="testCases.TC_001" time="503.171" errors="0" timestamp="2024-03-28T13:29:45 IST" skipped="0">
  <testcase classname="testCases.TC_001" name="firstPage" time="23.185"/>
  <testcase classname="testCases.TC_001" name="firstPage" time="30.811"/>
  <testcase classname="testCases.TC_001" name="secondPage" time="235.081"/>
  <testcase classname="testCases.TC_001" name="secondPage" time="214.094"/>
</testsuite> <!-- testCases.TC_001 -->
