<?xml version="1.0" encoding="UTF-8"?>
<!-- Generated by org.testng.reporters.JUnitReportReporter -->
<testsuite hostname="LTIN485793" failures="0" tests="4" name="testCases.testCase_001" time="465.489" errors="0" timestamp="2024-03-28T15:13:30 IST" skipped="0">
  <testcase classname="testCases.testCase_001" name="firstPage" time="21.089"/>
  <testcase classname="testCases.testCase_001" name="firstPage" time="25.479"/>
  <testcase classname="testCases.testCase_001" name="secondPage" time="202.879"/>
  <testcase classname="testCases.testCase_001" name="secondPage" time="216.042"/>
</testsuite> <!-- testCases.testCase_001 -->
